\BOOKMARK [0][]{chapter*.2}{\376\377\000I\000n\000t\000r\000o\000d\000u\000c\000c\000i\000\363\000n}{}% 1
\BOOKMARK [0][]{chapter*.4}{\376\377\000\315\000n\000d\000i\000c\000e\000\040\000d\000e\000\040\000F\000i\000g\000u\000r\000a\000s}{}% 2
\BOOKMARK [-1][]{part.1}{\376\377\000I\000\040\000U\000n\000i\000d\000a\000d\000\040\000I}{}% 3
\BOOKMARK [0][]{chapter.1}{\376\377\000P\000r\000o\000g\000r\000a\000m\000a\000c\000i\000\363\000n\000\040\000N\000u\000m\000\351\000r\000i\000c\000a}{part.1}% 4
\BOOKMARK [1][]{section.1.1}{\376\377\000E\000j\000e\000m\000p\000l\000o}{chapter.1}% 5
\BOOKMARK [0][]{chapter.2}{\376\377\000F\000u\000n\000c\000i\000o\000n\000e\000s}{part.1}% 6
\BOOKMARK [1][]{section.2.1}{\376\377\000F\000u\000n\000c\000i\000o\000n\000e\000s\000\040\000a\000\040\000n\000u\000e\000s\000t\000r\000o\000\040\000a\000l\000r\000e\000d\000e\000d\000o\000r}{chapter.2}% 7
\BOOKMARK [1][]{section.2.2}{\376\377\000D\000e\000f\000i\000n\000i\000c\000i\000\363\000n\000\040\000d\000e\000\040\000f\000u\000n\000c\000i\000\363\000n}{chapter.2}% 8
\BOOKMARK [1][]{section.2.3}{\376\377\000C\000u\000a\000t\000r\000o\000\040\000f\000o\000r\000m\000a\000s\000\040\000d\000e\000\040\000r\000e\000p\000r\000e\000s\000e\000n\000t\000a\000r\000\040\000u\000n\000a\000\040\000f\000u\000n\000c\000i\000\363\000n}{chapter.2}% 9
\BOOKMARK [1][]{section.2.4}{\376\377\000G\000r\000\341\000f\000i\000c\000a\000s\000\040\000d\000e\000\040\000f\000u\000n\000c\000i\000o\000n\000e\000s}{chapter.2}% 10
\BOOKMARK [2][]{subsection.2.4.1}{\376\377\000G\000r\000\341\000f\000i\000c\000a\000s\000\040\000d\000e\000\040\000f\000u\000n\000c\000i\000o\000n\000e\000s\000\040\000p\000o\000r\000\040\000l\000o\000c\000a\000l\000i\000z\000a\000c\000i\000\363\000n\000\040\000d\000e\000\040\000p\000u\000n\000t\000o\000s}{section.2.4}% 11
\BOOKMARK [2][]{subsection.2.4.2}{\376\377\000L\000a\000\040\000p\000r\000u\000e\000b\000a\000\040\000d\000e\000\040\000l\000a\000\040\000r\000e\000c\000t\000a\000\040\000v\000e\000r\000t\000i\000c\000a\000l}{section.2.4}% 12
\BOOKMARK [1][]{section.2.5}{\376\377\000A\000p\000l\000i\000c\000a\000c\000i\000\363\000n\000\040\0001}{chapter.2}% 13
\BOOKMARK [1][]{section.2.6}{\376\377\000A\000p\000l\000i\000c\000a\000c\000i\000\363\000n\000\040\0002}{chapter.2}% 14
\BOOKMARK [0][]{chapter.3}{\376\377\000R\000e\000s\000t\000r\000i\000c\000c\000i\000o\000n\000e\000s}{part.1}% 15
\BOOKMARK [1][]{section.3.1}{\376\377\000E\000j\000e\000m\000p\000l\000o\000\040\0001}{chapter.3}% 16
\BOOKMARK [1][]{section.3.2}{\376\377\000E\000j\000e\000m\000p\000l\000o\000\040\0002}{chapter.3}% 17
\BOOKMARK [1][]{section.3.3}{\376\377\000E\000j\000e\000m\000p\000l\000o\000\040\0003}{chapter.3}% 18
\BOOKMARK [1][]{section.3.4}{\376\377\000E\000j\000e\000m\000p\000l\000o\000\040\0004}{chapter.3}% 19
\BOOKMARK [1][]{section.3.5}{\376\377\000E\000j\000e\000m\000p\000l\000o\000\040\0005}{chapter.3}% 20
\BOOKMARK [0][]{chapter.4}{\376\377\000M\000\351\000t\000o\000d\000o\000\040\000d\000e\000\040\000N\000e\000w\000t\000o\000n\000-\000R\000a\000p\000h\000s\000o\000n}{part.1}% 21
\BOOKMARK [1][]{section.4.1}{\376\377\000F\000u\000n\000d\000a\000m\000e\000n\000t\000o\000\040\000t\000e\000\363\000r\000i\000c\000o}{chapter.4}% 22
\BOOKMARK [1][]{section.4.2}{\376\377\000C\000o\000n\000d\000i\000c\000i\000o\000n\000e\000s\000\040\000d\000e\000\040\000c\000o\000n\000v\000e\000r\000g\000e\000n\000c\000i\000a}{chapter.4}% 23
\BOOKMARK [1][]{section.4.3}{\376\377\000C\000r\000i\000t\000e\000r\000i\000o\000\040\000d\000e\000\040\000p\000a\000r\000a\000d\000a}{chapter.4}% 24
\BOOKMARK [1][]{section.4.4}{\376\377\000A\000l\000g\000o\000r\000i\000t\000m\000o\000\040\000d\000e\000l\000\040\000m\000\351\000t\000o\000d\000o\000\040\000d\000e\000\040\000N\000e\000w\000t\000o\000n\000-\000R\000a\000p\000h\000s\000o\000n}{chapter.4}% 25
\BOOKMARK [1][]{section.4.5}{\376\377\000A\000p\000l\000i\000c\000a\000c\000i\000\363\000n\000\040\000d\000e\000l\000\040\000m\000\351\000t\000o\000d\000o\000\040\000e\000n\000\040\000P\000y\000t\000h\000o\000n}{chapter.4}% 26
\BOOKMARK [0][]{chapter.5}{\376\377\000M\000\351\000t\000o\000d\000o\000\040\000d\000e\000\040\000B\000i\000s\000e\000c\000c\000i\000\363\000n}{part.1}% 27
\BOOKMARK [1][]{section.5.1}{\376\377\000I\000d\000e\000a\000\040\000f\000u\000n\000d\000a\000m\000e\000n\000t\000a\000l\000\040\000d\000e\000l\000\040\000m\000\351\000t\000o\000d\000o}{chapter.5}% 28
\BOOKMARK [1][]{section.5.2}{\376\377\000C\000r\000i\000t\000e\000r\000i\000o\000s\000\040\000d\000e\000\040\000p\000a\000r\000a\000d\000a}{chapter.5}% 29
\BOOKMARK [1][]{section.5.3}{\376\377\000V\000e\000n\000t\000a\000j\000a\000s\000\040\000d\000e\000l\000\040\000m\000\351\000t\000o\000d\000o}{chapter.5}% 30
\BOOKMARK [1][]{section.5.4}{\376\377\000D\000e\000s\000v\000e\000n\000t\000a\000j\000a\000s}{chapter.5}% 31
\BOOKMARK [1][]{section.5.5}{\376\377\000A\000p\000l\000i\000c\000a\000c\000i\000\363\000n\000\040\000d\000e\000l\000\040\000m\000\351\000t\000o\000d\000o\000\040\000e\000n\000\040\000P\000y\000t\000h\000o\000n}{chapter.5}% 32
\BOOKMARK [0][]{chapter.6}{\376\377\000M\000\351\000t\000o\000d\000o\000\040\000d\000e\000\040\000l\000a\000\040\000S\000e\000c\000a\000n\000t\000e}{part.1}% 33
\BOOKMARK [1][]{section.6.1}{\376\377\000F\000u\000n\000d\000a\000m\000e\000n\000t\000o\000\040\000t\000e\000\363\000r\000i\000c\000o}{chapter.6}% 34
\BOOKMARK [1][]{section.6.2}{\376\377\000I\000n\000t\000e\000r\000p\000r\000e\000t\000a\000c\000i\000\363\000n\000\040\000g\000e\000o\000m\000\351\000t\000r\000i\000c\000a}{chapter.6}% 35
\BOOKMARK [1][]{section.6.3}{\376\377\000C\000o\000n\000v\000e\000r\000g\000e\000n\000c\000i\000a}{chapter.6}% 36
\BOOKMARK [1][]{section.6.4}{\376\377\000V\000e\000n\000t\000a\000j\000a\000s\000\040\000y\000\040\000l\000i\000m\000i\000t\000a\000c\000i\000o\000n\000e\000s}{chapter.6}% 37
\BOOKMARK [1][]{section.6.5}{\376\377\000A\000p\000l\000i\000c\000a\000c\000i\000\363\000n\000\040\000d\000e\000l\000\040\000m\000\351\000t\000o\000d\000o\000\040\000e\000n\000\040\000P\000y\000t\000h\000o\000n}{chapter.6}% 38
\BOOKMARK [0][]{chapter.7}{\376\377\000M\000\351\000t\000o\000d\000o\000\040\000d\000e\000\040\000P\000u\000n\000t\000o\000\040\000F\000i\000j\000o}{part.1}% 39
\BOOKMARK [1][]{section.7.1}{\376\377\000D\000e\000f\000i\000n\000i\000c\000i\000\363\000n\000\040\000y\000\040\000f\000o\000r\000m\000u\000l\000a\000c\000i\000\363\000n\000\040\000b\000\341\000s\000i\000c\000a}{chapter.7}% 40
\BOOKMARK [1][]{section.7.2}{\376\377\000C\000o\000n\000d\000i\000c\000i\000\363\000n\000\040\000d\000e\000\040\000c\000o\000n\000v\000e\000r\000g\000e\000n\000c\000i\000a}{chapter.7}% 41
\BOOKMARK [1][]{section.7.3}{\376\377\000O\000r\000d\000e\000n\000\040\000d\000e\000\040\000c\000o\000n\000v\000e\000r\000g\000e\000n\000c\000i\000a}{chapter.7}% 42
\BOOKMARK [1][]{section.7.4}{\376\377\000E\000r\000r\000o\000r\000e\000s\000\040\000y\000\040\000c\000r\000i\000t\000e\000r\000i\000o\000s\000\040\000d\000e\000\040\000p\000a\000r\000a\000d\000a}{chapter.7}% 43
\BOOKMARK [1][]{section.7.5}{\376\377\000V\000e\000n\000t\000a\000j\000a\000s\000\040\000d\000e\000l\000\040\000m\000\351\000t\000o\000d\000o}{chapter.7}% 44
\BOOKMARK [1][]{section.7.6}{\376\377\000D\000e\000s\000v\000e\000n\000t\000a\000j\000a\000s}{chapter.7}% 45
\BOOKMARK [1][]{section.7.7}{\376\377\000I\000n\000t\000e\000r\000p\000r\000e\000t\000a\000c\000i\000\363\000n\000\040\000g\000r\000\341\000f\000i\000c\000a}{chapter.7}% 46
\BOOKMARK [1][]{section.7.8}{\376\377\000C\000o\000n\000c\000l\000u\000s\000i\000\363\000n}{chapter.7}% 47
\BOOKMARK [1][]{section.7.9}{\376\377\000A\000p\000l\000i\000c\000a\000c\000i\000\363\000n\000\040\000d\000e\000l\000\040\000m\000\351\000t\000o\000d\000o\000\040\000e\000n\000\040\000P\000y\000t\000h\000o\000n}{chapter.7}% 48
\BOOKMARK [0][]{chapter.8}{\376\377\000M\000\351\000t\000o\000d\000o\000\040\000d\000e\000\040\000R\000e\000g\000u\000l\000a\000\040\000F\000a\000l\000s\000i}{part.1}% 49
\BOOKMARK [1][]{section.8.1}{\376\377\000I\000d\000e\000a\000\040\000f\000u\000n\000d\000a\000m\000e\000n\000t\000a\000l\000\040\000d\000e\000l\000\040\000m\000\351\000t\000o\000d\000o}{chapter.8}% 50
\BOOKMARK [1][]{section.8.2}{\376\377\000A\000c\000t\000u\000a\000l\000i\000z\000a\000c\000i\000\363\000n\000\040\000d\000e\000l\000\040\000i\000n\000t\000e\000r\000v\000a\000l\000o}{chapter.8}% 51
\BOOKMARK [1][]{section.8.3}{\376\377\000C\000o\000n\000v\000e\000r\000g\000e\000n\000c\000i\000a}{chapter.8}% 52
\BOOKMARK [1][]{section.8.4}{\376\377\000C\000r\000i\000t\000e\000r\000i\000o\000s\000\040\000d\000e\000\040\000p\000a\000r\000a\000d\000a}{chapter.8}% 53
\BOOKMARK [1][]{section.8.5}{\376\377\000V\000e\000n\000t\000a\000j\000a\000s\000\040\000y\000\040\000d\000e\000s\000v\000e\000n\000t\000a\000j\000a\000s}{chapter.8}% 54
\BOOKMARK [1][]{section.8.6}{\376\377\000R\000e\000s\000u\000m\000e\000n\000\040\000c\000o\000n\000c\000e\000p\000t\000u\000a\000l}{chapter.8}% 55
\BOOKMARK [1][]{section.8.7}{\376\377\000A\000p\000l\000i\000c\000a\000c\000i\000\363\000n\000\040\000d\000e\000l\000\040\000m\000\351\000t\000o\000d\000o\000\040\000e\000n\000\040\000P\000y\000t\000h\000o\000n}{chapter.8}% 56
\BOOKMARK [-1][]{part.2}{\376\377\000I\000I\000\040\000U\000n\000i\000d\000a\000d\000\040\000I\000I}{}% 57
\BOOKMARK [0][]{chapter.9}{\376\377\000G\000r\000a\000d\000i\000e\000n\000t\000e\000\040\000d\000e\000\040\000u\000n\000a\000\040\000f\000u\000n\000c\000i\000\363\000n}{part.2}% 58
\BOOKMARK [1][]{section.9.1}{\376\377\000D\000e\000f\000i\000n\000i\000c\000i\000\363\000n}{chapter.9}% 59
\BOOKMARK [1][]{section.9.2}{\376\377\000I\000n\000t\000e\000r\000p\000r\000e\000t\000a\000c\000i\000\363\000n\000\040\000g\000e\000o\000m\000\351\000t\000r\000i\000c\000a}{chapter.9}% 60
\BOOKMARK [1][]{section.9.3}{\376\377\000D\000e\000r\000i\000v\000a\000d\000a\000\040\000d\000i\000r\000e\000c\000c\000i\000o\000n\000a\000l}{chapter.9}% 61
\BOOKMARK [1][]{section.9.4}{\376\377\000P\000r\000o\000p\000i\000e\000d\000a\000d\000e\000s\000\040\000f\000u\000n\000d\000a\000m\000e\000n\000t\000a\000l\000e\000s}{chapter.9}% 62
\BOOKMARK [1][]{section.9.5}{\376\377\000G\000r\000a\000d\000i\000e\000n\000t\000e\000\040\000y\000\040\000o\000p\000t\000i\000m\000i\000z\000a\000c\000i\000\363\000n}{chapter.9}% 63
\BOOKMARK [1][]{section.9.6}{\376\377\000A\000p\000l\000i\000c\000a\000c\000i\000o\000n\000e\000s}{chapter.9}% 64
\BOOKMARK [2][]{subsection.9.6.1}{\376\377\000F\000\355\000s\000i\000c\000a\000\040\000c\000l\000\341\000s\000i\000c\000a\000\040\000y\000\040\000e\000l\000e\000c\000t\000r\000o\000m\000a\000g\000n\000e\000t\000i\000s\000m\000o\000.}{section.9.6}% 65
\BOOKMARK [2][]{subsection.9.6.2}{\376\377\000I\000n\000g\000e\000n\000i\000e\000r\000\355\000a\000\040\000y\000\040\000m\000o\000d\000e\000l\000a\000d\000o\000.}{section.9.6}% 66
\BOOKMARK [2][]{subsection.9.6.3}{\376\377\000A\000p\000r\000e\000n\000d\000i\000z\000a\000j\000e\000\040\000a\000u\000t\000o\000m\000\341\000t\000i\000c\000o\000\040\000y\000\040\000r\000e\000g\000r\000e\000s\000i\000\363\000n\000.}{section.9.6}% 67
\BOOKMARK [2][]{subsection.9.6.4}{\376\377\000E\000c\000o\000n\000o\000m\000\355\000a\000\040\000y\000\040\000a\000n\000\341\000l\000i\000s\000i\000s\000\040\000d\000e\000\040\000f\000u\000n\000c\000i\000o\000n\000e\000s\000\040\000m\000u\000l\000t\000i\000v\000a\000r\000i\000a\000b\000l\000e\000s\000.}{section.9.6}% 68
\BOOKMARK [2][]{subsection.9.6.5}{\376\377\000M\000\351\000t\000o\000d\000o\000s\000\040\000n\000u\000m\000\351\000r\000i\000c\000o\000s\000.}{section.9.6}% 69
\BOOKMARK [1][]{section.9.7}{\376\377\000A\000p\000l\000i\000c\000a\000c\000i\000\363\000n\000\040\000d\000e\000\040\000l\000a\000\040\000g\000r\000a\000d\000i\000e\000n\000t\000e\000\040\000e\000n\000\040\000R}{chapter.9}% 70
\BOOKMARK [1][]{section.9.8}{\376\377\000A\000p\000l\000i\000c\000a\000c\000i\000\363\000n\000\040\000d\000e\000\040\000l\000a\000\040\000g\000r\000a\000d\000i\000e\000n\000t\000e\000\040\000e\000n\000\040\000u\000n\000\040\000a\000r\000t\000\355\000c\000u\000l\000o\000\040\000d\000e\000\040\000i\000n\000v\000e\000s\000t\000i\000g\000a\000c\000i\000\363\000n}{chapter.9}% 71
\BOOKMARK [0][]{chapter.10}{\376\377\000D\000i\000f\000e\000r\000e\000n\000c\000i\000a\000c\000i\000\363\000n\000\040\000N\000u\000m\000\351\000r\000i\000c\000a}{part.2}% 72
\BOOKMARK [1][]{section.10.1}{\376\377\000I\000n\000t\000r\000o\000d\000u\000c\000c\000i\000\363\000n}{chapter.10}% 73
\BOOKMARK [1][]{section.10.2}{\376\377\000F\000u\000n\000d\000a\000m\000e\000n\000t\000o\000\040\000t\000e\000\363\000r\000i\000c\000o}{chapter.10}% 74
\BOOKMARK [2][]{subsection.10.2.1}{\376\377\000S\000e\000r\000i\000e\000s\000\040\000d\000e\000\040\000T\000a\000y\000l\000o\000r}{section.10.2}% 75
\BOOKMARK [1][]{section.10.3}{\376\377\000F\000\363\000r\000m\000u\000l\000a\000s\000\040\000d\000e\000\040\000d\000i\000f\000e\000r\000e\000n\000c\000i\000a\000s\000\040\000f\000i\000n\000i\000t\000a\000s}{chapter.10}% 76
\BOOKMARK [2][]{subsection.10.3.1}{\376\377\000D\000i\000f\000e\000r\000e\000n\000c\000i\000a\000\040\000h\000a\000c\000i\000a\000\040\000a\000d\000e\000l\000a\000n\000t\000e}{section.10.3}% 77
\BOOKMARK [2][]{subsection.10.3.2}{\376\377\000D\000i\000f\000e\000r\000e\000n\000c\000i\000a\000\040\000h\000a\000c\000i\000a\000\040\000a\000t\000r\000\341\000s}{section.10.3}% 78
\BOOKMARK [2][]{subsection.10.3.3}{\376\377\000D\000i\000f\000e\000r\000e\000n\000c\000i\000a\000\040\000c\000e\000n\000t\000r\000a\000d\000a}{section.10.3}% 79
\BOOKMARK [1][]{section.10.4}{\376\377\000A\000p\000r\000o\000x\000i\000m\000a\000c\000i\000o\000n\000e\000s\000\040\000p\000a\000r\000a\000\040\000d\000e\000r\000i\000v\000a\000d\000a\000s\000\040\000d\000e\000\040\000o\000r\000d\000e\000n\000\040\000s\000u\000p\000e\000r\000i\000o\000r}{chapter.10}% 80
\BOOKMARK [2][]{subsection.10.4.1}{\376\377\000S\000e\000g\000u\000n\000d\000a\000\040\000d\000e\000r\000i\000v\000a\000d\000a}{section.10.4}% 81
\BOOKMARK [2][]{subsection.10.4.2}{\376\377\000D\000e\000r\000i\000v\000a\000d\000a\000s\000\040\000s\000u\000p\000e\000r\000i\000o\000r\000e\000s}{section.10.4}% 82
\BOOKMARK [1][]{section.10.5}{\376\377\000A\000n\000\341\000l\000i\000s\000i\000s\000\040\000d\000e\000l\000\040\000e\000r\000r\000o\000r}{chapter.10}% 83
\BOOKMARK [2][]{subsection.10.5.1}{\376\377\000E\000r\000r\000o\000r\000\040\000d\000e\000\040\000t\000r\000u\000n\000c\000a\000m\000i\000e\000n\000t\000o}{section.10.5}% 84
\BOOKMARK [2][]{subsection.10.5.2}{\376\377\000E\000r\000r\000o\000r\000\040\000d\000e\000\040\000r\000e\000d\000o\000n\000d\000e\000o}{section.10.5}% 85
\BOOKMARK [1][]{section.10.6}{\376\377\000A\000p\000l\000i\000c\000a\000c\000i\000o\000n\000e\000s\000\040\000d\000e\000\040\000l\000a\000\040\000d\000i\000f\000e\000r\000e\000n\000c\000i\000a\000c\000i\000\363\000n\000\040\000n\000u\000m\000\351\000r\000i\000c\000a}{chapter.10}% 86
\BOOKMARK [2][]{subsection.10.6.1}{\376\377\000S\000o\000l\000u\000c\000i\000\363\000n\000\040\000d\000e\000\040\000e\000c\000u\000a\000c\000i\000o\000n\000e\000s\000\040\000d\000i\000f\000e\000r\000e\000n\000c\000i\000a\000l\000e\000s}{section.10.6}% 87
\BOOKMARK [2][]{subsection.10.6.2}{\376\377\000O\000p\000t\000i\000m\000i\000z\000a\000c\000i\000\363\000n}{section.10.6}% 88
\BOOKMARK [2][]{subsection.10.6.3}{\376\377\000P\000r\000o\000c\000e\000s\000a\000m\000i\000e\000n\000t\000o\000\040\000d\000e\000\040\000d\000a\000t\000o\000s\000\040\000y\000\040\000s\000e\000\361\000a\000l\000e\000s}{section.10.6}% 89
\BOOKMARK [1][]{section.10.7}{\376\377\000E\000j\000e\000m\000p\000l\000o\000s}{chapter.10}% 90
\BOOKMARK [2][]{subsection.10.7.1}{\376\377\000E\000j\000e\000m\000p\000l\000o\000\040\0001}{section.10.7}% 91
\BOOKMARK [2][]{subsection.10.7.2}{\376\377\000E\000j\000e\000m\000p\000l\000o\000\040\0002}{section.10.7}% 92
\BOOKMARK [2][]{subsection.10.7.3}{\376\377\000E\000j\000e\000m\000p\000l\000o\000\040\0003}{section.10.7}% 93
\BOOKMARK [2][]{subsection.10.7.4}{\376\377\000E\000j\000e\000m\000p\000l\000o\000\040\0004}{section.10.7}% 94
\BOOKMARK [2][]{subsection.10.7.5}{\376\377\000E\000j\000e\000m\000p\000l\000o\000\040\0005}{section.10.7}% 95
\BOOKMARK [2][]{subsection.10.7.6}{\376\377\000E\000j\000e\000m\000p\000l\000o\000\040\0006}{section.10.7}% 96
\BOOKMARK [2][]{subsection.10.7.7}{\376\377\000E\000j\000e\000m\000p\000l\000o\000\040\0007}{section.10.7}% 97
\BOOKMARK [1][]{section.10.8}{\376\377\000C\000o\000n\000c\000l\000u\000s\000i\000o\000n\000e\000s}{chapter.10}% 98
\BOOKMARK [0][]{chapter.11}{\376\377\000I\000n\000t\000e\000r\000p\000o\000l\000a\000c\000i\000\363\000n}{part.2}% 99
\BOOKMARK [1][]{section.11.1}{\376\377\000I\000n\000t\000r\000o\000d\000u\000c\000c\000i\000\363\000n}{chapter.11}% 100
\BOOKMARK [1][]{section.11.2}{\376\377\000F\000u\000n\000d\000a\000m\000e\000n\000t\000o\000s\000\040\000t\000e\000\363\000r\000i\000c\000o\000s}{chapter.11}% 101
\BOOKMARK [2][]{subsection.11.2.1}{\376\377\000D\000e\000f\000i\000n\000i\000c\000i\000\363\000n\000\040\000d\000e\000l\000\040\000p\000r\000o\000b\000l\000e\000m\000a}{section.11.2}% 102
\BOOKMARK [1][]{section.11.3}{\376\377\000I\000n\000t\000e\000r\000p\000o\000l\000a\000c\000i\000\363\000n\000\040\000p\000o\000l\000i\000n\000\363\000m\000i\000c\000a}{chapter.11}% 103
\BOOKMARK [2][]{subsection.11.3.1}{\376\377\000P\000o\000l\000i\000n\000o\000m\000i\000o\000\040\000i\000n\000t\000e\000r\000p\000o\000l\000a\000n\000t\000e}{section.11.3}% 104
\BOOKMARK [1][]{section.11.4}{\376\377\000M\000\351\000t\000o\000d\000o\000\040\000d\000e\000\040\000i\000n\000t\000e\000r\000p\000o\000l\000a\000c\000i\000\363\000n\000\040\000d\000e\000\040\000L\000a\000g\000r\000a\000n\000g\000e}{chapter.11}% 105
\BOOKMARK [2][]{subsection.11.4.1}{\376\377\000P\000o\000l\000i\000n\000o\000m\000i\000o\000\040\000d\000e\000\040\000L\000a\000g\000r\000a\000n\000g\000e}{section.11.4}% 106
\BOOKMARK [2][]{subsection.11.4.2}{\376\377\000E\000r\000r\000o\000r\000\040\000e\000n\000\040\000e\000l\000\040\000p\000o\000l\000i\000n\000o\000m\000i\000o\000\040\000d\000e\000\040\000L\000a\000g\000r\000a\000n\000g\000e}{section.11.4}% 107
\BOOKMARK [1][]{section.11.5}{\376\377\000I\000n\000t\000e\000r\000p\000o\000l\000a\000c\000i\000\363\000n\000\040\000p\000o\000r\000\040\000d\000i\000f\000e\000r\000e\000n\000c\000i\000a\000s\000\040\000d\000i\000v\000i\000d\000i\000d\000a\000s\000\040\000d\000e\000\040\000N\000e\000w\000t\000o\000n}{chapter.11}% 108
\BOOKMARK [2][]{subsection.11.5.1}{\376\377\000D\000i\000f\000e\000r\000e\000n\000c\000i\000a\000s\000\040\000d\000i\000v\000i\000d\000i\000d\000a\000s}{section.11.5}% 109
\BOOKMARK [2][]{subsection.11.5.2}{\376\377\000P\000o\000l\000i\000n\000o\000m\000i\000o\000\040\000d\000e\000\040\000N\000e\000w\000t\000o\000n}{section.11.5}% 110
\BOOKMARK [2][]{subsection.11.5.3}{\376\377\000E\000r\000r\000o\000r\000\040\000d\000e\000l\000\040\000p\000o\000l\000i\000n\000o\000m\000i\000o\000\040\000d\000e\000\040\000N\000e\000w\000t\000o\000n}{section.11.5}% 111
\BOOKMARK [1][]{section.11.6}{\376\377\000P\000r\000o\000b\000l\000e\000m\000a\000s\000\040\000d\000e\000l\000\040\000p\000o\000l\000i\000n\000o\000m\000i\000o\000\040\000g\000l\000o\000b\000a\000l}{chapter.11}% 112
\BOOKMARK [2][]{subsection.11.6.1}{\376\377\000F\000e\000n\000\363\000m\000e\000n\000o\000\040\000d\000e\000\040\000R\000u\000n\000g\000e}{section.11.6}% 113
\BOOKMARK [2][]{subsection.11.6.2}{\376\377\000C\000r\000e\000c\000i\000m\000i\000e\000n\000t\000o\000\040\000d\000e\000l\000\040\000e\000r\000r\000o\000r\000\040\000p\000a\000r\000a\000\040\000g\000r\000a\000d\000o\000s\000\040\000a\000l\000t\000o\000s}{section.11.6}% 114
\BOOKMARK [1][]{section.11.7}{\376\377\000I\000n\000t\000e\000r\000p\000o\000l\000a\000c\000i\000\363\000n\000\040\000p\000o\000r\000\040\000t\000r\000a\000m\000o\000s\000:\000\040\000s\000p\000l\000i\000n\000e\000s}{chapter.11}% 115
\BOOKMARK [2][]{subsection.11.7.1}{\376\377\000C\000o\000n\000c\000e\000p\000t\000o\000\040\000d\000e\000\040\000s\000p\000l\000i\000n\000e}{section.11.7}% 116
\BOOKMARK [2][]{subsection.11.7.2}{\376\377\000S\000p\000l\000i\000n\000e\000\040\000c\000\372\000b\000i\000c\000o}{section.11.7}% 117
\BOOKMARK [1][]{section.11.8}{\376\377\000A\000p\000l\000i\000c\000a\000c\000i\000o\000n\000e\000s\000\040\000d\000e\000\040\000l\000a\000\040\000i\000n\000t\000e\000r\000p\000o\000l\000a\000c\000i\000\363\000n}{chapter.11}% 118
\BOOKMARK [1][]{section.11.9}{\376\377\000C\000o\000n\000c\000l\000u\000s\000i\000o\000n\000e\000s}{chapter.11}% 119
\BOOKMARK [0][]{chapter.12}{\376\377\000V\000a\000l\000o\000r\000e\000s\000\040\000y\000\040\000V\000e\000c\000t\000o\000r\000e\000s\000\040\000P\000r\000o\000p\000i\000o\000s}{part.2}% 120
\BOOKMARK [1][]{section.12.1}{\376\377\000\040\000\277\000Q\000u\000\351\000\040\000s\000o\000n\000\040\000y\000\040\000p\000o\000r\000\040\000q\000u\000\351\000\040\000i\000m\000p\000o\000r\000t\000a\000n\000?}{chapter.12}% 121
\BOOKMARK [1][]{section.12.2}{\376\377\000L\000a\000\040\000t\000r\000a\000n\000s\000f\000o\000r\000m\000a\000c\000i\000\363\000n\000\040\000f\000u\000n\000d\000a\000m\000e\000n\000t\000a\000l}{chapter.12}% 122
\BOOKMARK [1][]{section.12.3}{\376\377\000P\000r\000o\000c\000e\000s\000o\000\040\000d\000e\000\040\000c\000\341\000l\000c\000u\000l\000o}{chapter.12}% 123
\BOOKMARK [2][]{subsection.12.3.1}{\376\377\000P\000a\000s\000o\000\040\0001\000:\000\040\000L\000a\000\040\000e\000c\000u\000a\000c\000i\000\363\000n\000\040\000c\000a\000r\000a\000c\000t\000e\000r\000\355\000s\000t\000i\000c\000a}{section.12.3}% 124
\BOOKMARK [2][]{subsection.12.3.2}{\376\377\000P\000a\000s\000o\000\040\0002\000:\000\040\000C\000\341\000l\000c\000u\000l\000o\000\040\000d\000e\000\040\000l\000o\000s\000\040\000v\000a\000l\000o\000r\000e\000s\000\040\000p\000r\000o\000p\000i\000o\000s\000\040\000\050\000\051}{section.12.3}% 125
\BOOKMARK [2][]{subsection.12.3.3}{\376\377\000P\000a\000s\000o\000\040\0003\000:\000\040\000C\000\341\000l\000c\000u\000l\000o\000\040\000d\000e\000\040\000l\000o\000s\000\040\000v\000e\000c\000t\000o\000r\000e\000s\000\040\000p\000r\000o\000p\000i\000o\000s\000\040\000\050\000v\000\051}{section.12.3}% 126
\BOOKMARK [1][]{section.12.4}{\376\377\000E\000j\000e\000m\000p\000l\000o\000\040\000g\000u\000i\000a\000d\000o}{chapter.12}% 127
\BOOKMARK [1][]{section.12.5}{\376\377\000P\000r\000o\000p\000i\000e\000d\000a\000d\000e\000s\000\040\000y\000\040\000d\000i\000a\000g\000o\000n\000a\000l\000i\000z\000a\000c\000i\000\363\000n}{chapter.12}% 128
\BOOKMARK [2][]{subsection.12.5.1}{\376\377\000I\000n\000d\000e\000p\000e\000n\000d\000e\000n\000c\000i\000a\000\040\000l\000i\000n\000e\000a\000l}{section.12.5}% 129
\BOOKMARK [2][]{subsection.12.5.2}{\376\377\000E\000l\000\040\000t\000e\000o\000r\000e\000m\000a\000\040\000d\000e\000\040\000d\000i\000a\000g\000o\000n\000a\000l\000i\000z\000a\000c\000i\000\363\000n}{section.12.5}% 130
\BOOKMARK [2][]{subsection.12.5.3}{\376\377\000A\000p\000l\000i\000c\000a\000c\000i\000\363\000n\000:\000\040\000P\000o\000t\000e\000n\000c\000i\000a\000\040\000d\000e\000\040\000m\000a\000t\000r\000i\000c\000e\000s}{section.12.5}% 131
\BOOKMARK [1][]{section.12.6}{\376\377\000I\000m\000p\000l\000e\000m\000e\000n\000t\000a\000c\000i\000\363\000n\000\040\000e\000n\000\040\000R}{chapter.12}% 132
\BOOKMARK [2][]{subsection.12.6.1}{\376\377\000E\000x\000p\000l\000i\000c\000a\000c\000i\000\363\000n\000\040\000d\000e\000l\000\040\000c\000\363\000d\000i\000g\000o}{section.12.6}% 133
\BOOKMARK [2][]{subsection.12.6.2}{\376\377\000V\000i\000s\000u\000a\000l\000i\000z\000a\000c\000i\000\363\000n\000\040\000d\000e\000\040\000r\000e\000s\000u\000l\000t\000a\000d\000o\000s}{section.12.6}% 134
\BOOKMARK [1][]{section.12.7}{\376\377\000E\000i\000g\000e\000n\000v\000a\000l\000u\000e\000s\000\040\000y\000\040\000e\000i\000g\000e\000n\000v\000e\000c\000t\000o\000r\000e\000s\000\040\000a\000p\000l\000i\000c\000a\000d\000o\000s}{chapter.12}% 135
\BOOKMARK [-1][]{part.3}{\376\377\000I\000I\000I\000\040\000A\000p\000\351\000n\000d\000i\000c\000e}{}% 136
\BOOKMARK [0][]{chapter.13}{\376\377\000\315\000n\000d\000i\000c\000e\000\040\000H}{part.3}% 137
\BOOKMARK [1][]{section.13.1}{\376\377\000A\000u\000t\000o\000r\000e\000s\000\040\000c\000o\000n\000\040\000\355\000n\000d\000i\000c\000e\000\040\000H\000\040\000c\000o\000n\000\040\000i\000n\000v\000e\000s\000t\000i\000g\000a\000c\000i\000o\000n\000e\000s\000\040\000e\000n\000\040\000m\000\351\000t\000o\000d\000o\000s\000\040\000n\000u\000m\000\351\000r\000i\000c\000o\000s}{chapter.13}% 138
\BOOKMARK [1][]{section.13.2}{\376\377\000\315\000n\000d\000i\000c\000e\000\040\000H\000\040\000d\000e\000\040\000d\000o\000c\000e\000n\000t\000e\000s\000\040\000d\000e\000\040\000l\000a\000\040\000F\000a\000c\000u\000l\000t\000a\000d\000\040\000d\000e\000\040\000I\000n\000g\000e\000n\000i\000e\000r\000\355\000a\000\040\000E\000s\000t\000a\000d\000\355\000s\000t\000i\000c\000a\000\040\000e\000\040\000I\000n\000f\000o\000r\000m\000\341\000t\000i\000c\000a}{chapter.13}% 139
\BOOKMARK [0][]{chapter.14}{\376\377\000E\000l\000\040\000p\000r\000o\000b\000l\000e\000m\000a\000\040\000d\000e\000\040\000l\000o\000s\000\040\000c\000a\000r\000a\000m\000e\000l\000o\000s}{part.3}% 140
\BOOKMARK [0][]{chapter.15}{\376\377\000A\000p\000l\000i\000c\000a\000c\000i\000\363\000n\000\040\000d\000e\000l\000\040\000a\000l\000g\000o\000r\000i\000t\000m\000o\000\040\000D\000e\000m\000o\000n\000s}{part.3}% 141
\BOOKMARK [0][]{chapter*.44}{\376\377\000C\000o\000n\000c\000l\000u\000s\000i\000o\000n\000e\000s}{part.3}% 142
\BOOKMARK [0][]{section*.45}{\376\377\000B\000i\000b\000l\000i\000o\000g\000r\000a\000f\000\355\000a}{part.3}% 143
